2019-06-06 04:55:43.737  INFO 19162 --- [main] org.paperbot.crossref.Application        : Starting Application v1.0 on Patricias-MacBook-Pro.local with PID 19162 (/Users/pmaraver/Documents/NetbeansProjects/PaperBot_v2/CrossRef-1.0.jar started by pmaraver in /Users/pmaraver/Documents/NetbeansProjects/PaperBot_v2)
2019-06-06 04:55:43.763 DEBUG 19162 --- [main] org.paperbot.crossref.Application        : Running with Spring Boot v2.0.6.RELEASE, Spring v5.0.10.RELEASE
2019-06-06 04:55:43.781  INFO 19162 --- [main] org.paperbot.crossref.Application        : No active profile set, falling back to default profiles: default
2019-06-06 04:55:43.960  INFO 19162 --- [main] ConfigServletWebServerApplicationContext : Refreshing org.springframework.boot.web.servlet.context.AnnotationConfigServletWebServerApplicationContext@235834f2: startup date [Thu Jun 06 04:55:43 CEST 2019]; root of context hierarchy
2019-06-06 04:55:48.035  INFO 19162 --- [main] o.s.b.w.embedded.tomcat.TomcatWebServer  : Tomcat initialized with port(s): 7172 (http)
2019-06-06 04:55:48.157  INFO 19162 --- [main] o.apache.catalina.core.StandardService   : Starting service [Tomcat]
2019-06-06 04:55:48.158  INFO 19162 --- [main] org.apache.catalina.core.StandardEngine  : Starting Servlet Engine: Apache Tomcat/8.5.34
2019-06-06 04:55:48.213  INFO 19162 --- [localhost-startStop-1] o.a.catalina.core.AprLifecycleListener   : The APR based Apache Tomcat Native library which allows optimal performance in production environments was not found on the java.library.path: [/Users/pmaraver/Library/Java/Extensions:/Library/Java/Extensions:/Network/Library/Java/Extensions:/System/Library/Java/Extensions:/usr/lib/java:.]
2019-06-06 04:55:48.388  INFO 19162 --- [localhost-startStop-1] o.a.c.c.C.[Tomcat].[localhost].[/]       : Initializing Spring embedded WebApplicationContext
2019-06-06 04:55:48.518  INFO 19162 --- [localhost-startStop-1] o.s.b.w.servlet.ServletRegistrationBean  : Servlet dispatcherServlet mapped to [/]
2019-06-06 04:55:48.546  INFO 19162 --- [localhost-startStop-1] o.s.b.w.servlet.FilterRegistrationBean   : Mapping filter: 'characterEncodingFilter' to: [/*]
2019-06-06 04:55:48.547  INFO 19162 --- [localhost-startStop-1] o.s.b.w.servlet.FilterRegistrationBean   : Mapping filter: 'hiddenHttpMethodFilter' to: [/*]
2019-06-06 04:55:48.547  INFO 19162 --- [localhost-startStop-1] o.s.b.w.servlet.FilterRegistrationBean   : Mapping filter: 'httpPutFormContentFilter' to: [/*]
2019-06-06 04:55:48.548  INFO 19162 --- [localhost-startStop-1] o.s.b.w.servlet.FilterRegistrationBean   : Mapping filter: 'requestContextFilter' to: [/*]
2019-06-06 04:55:50.818  INFO 19162 --- [main] org.mongodb.driver.cluster               : Cluster created with settings {hosts=[localhost:27017], mode=MULTIPLE, requiredClusterType=UNKNOWN, serverSelectionTimeout='30000 ms', maxWaitQueueSize=500}
2019-06-06 04:55:50.819  INFO 19162 --- [main] org.mongodb.driver.cluster               : Adding discovered server localhost:27017 to client view of cluster
2019-06-06 04:55:51.025  INFO 19162 --- [cluster-ClusterId{value='5cf880b62c5e2c4ada3658da', description='null'}-localhost:27017] org.mongodb.driver.connection            : Opened connection [connectionId{localValue:1, serverValue:427}] to localhost:27017
2019-06-06 04:55:51.030  INFO 19162 --- [cluster-ClusterId{value='5cf880b62c5e2c4ada3658da', description='null'}-localhost:27017] org.mongodb.driver.cluster               : Monitor thread successfully connected to server with description ServerDescription{address=localhost:27017, type=STANDALONE, state=CONNECTED, ok=true, version=ServerVersion{versionList=[4, 0, 1]}, minWireVersion=0, maxWireVersion=7, maxDocumentSize=16777216, logicalSessionTimeoutMinutes=30, roundTripTimeNanos=3545200}
2019-06-06 04:55:51.032  INFO 19162 --- [cluster-ClusterId{value='5cf880b62c5e2c4ada3658da', description='null'}-localhost:27017] org.mongodb.driver.cluster               : Discovered cluster type of STANDALONE
2019-06-06 04:55:51.096  INFO 19162 --- [main] o.s.j.e.a.AnnotationMBeanExporter        : Registering beans for JMX exposure on startup
2019-06-06 04:55:51.174  INFO 19162 --- [main] o.s.b.w.embedded.tomcat.TomcatWebServer  : Tomcat started on port(s): 7172 (http) with context path ''
2019-06-06 04:55:51.182  INFO 19162 --- [main] org.paperbot.crossref.Application        : Started Application in 9.08 seconds (JVM running for 10.317)
