2019-06-06 04:55:43.692  INFO 19165 --- [main] o.p.literature.pubmed.Application        : Starting Application v1.0 on Patricias-MacBook-Pro.local with PID 19165 (/Users/pmaraver/Documents/NetbeansProjects/PaperBot_v2/PubMed-1.0.jar started by pmaraver in /Users/pmaraver/Documents/NetbeansProjects/PaperBot_v2)
2019-06-06 04:55:43.706 DEBUG 19165 --- [main] o.p.literature.pubmed.Application        : Running with Spring Boot v2.0.6.RELEASE, Spring v5.0.10.RELEASE
2019-06-06 04:55:43.741  INFO 19165 --- [main] o.p.literature.pubmed.Application        : No active profile set, falling back to default profiles: default
2019-06-06 04:55:43.909  INFO 19165 --- [main] ConfigServletWebServerApplicationContext : Refreshing org.springframework.boot.web.servlet.context.AnnotationConfigServletWebServerApplicationContext@4218d6a3: startup date [Thu Jun 06 04:55:43 CEST 2019]; root of context hierarchy
2019-06-06 04:55:48.006  INFO 19165 --- [main] o.s.b.w.embedded.tomcat.TomcatWebServer  : Tomcat initialized with port(s): 7173 (http)
2019-06-06 04:55:48.122  INFO 19165 --- [main] o.apache.catalina.core.StandardService   : Starting service [Tomcat]
2019-06-06 04:55:48.123  INFO 19165 --- [main] org.apache.catalina.core.StandardEngine  : Starting Servlet Engine: Apache Tomcat/8.5.34
2019-06-06 04:55:48.146  INFO 19165 --- [localhost-startStop-1] o.a.catalina.core.AprLifecycleListener   : The APR based Apache Tomcat Native library which allows optimal performance in production environments was not found on the java.library.path: [/Users/pmaraver/Library/Java/Extensions:/Library/Java/Extensions:/Network/Library/Java/Extensions:/System/Library/Java/Extensions:/usr/lib/java:.]
2019-06-06 04:55:48.327  INFO 19165 --- [localhost-startStop-1] o.a.c.c.C.[Tomcat].[localhost].[/]       : Initializing Spring embedded WebApplicationContext
2019-06-06 04:55:48.454  INFO 19165 --- [localhost-startStop-1] o.s.b.w.servlet.ServletRegistrationBean  : Servlet dispatcherServlet mapped to [/]
2019-06-06 04:55:48.468  INFO 19165 --- [localhost-startStop-1] o.s.b.w.servlet.FilterRegistrationBean   : Mapping filter: 'characterEncodingFilter' to: [/*]
2019-06-06 04:55:48.469  INFO 19165 --- [localhost-startStop-1] o.s.b.w.servlet.FilterRegistrationBean   : Mapping filter: 'hiddenHttpMethodFilter' to: [/*]
2019-06-06 04:55:48.469  INFO 19165 --- [localhost-startStop-1] o.s.b.w.servlet.FilterRegistrationBean   : Mapping filter: 'httpPutFormContentFilter' to: [/*]
2019-06-06 04:55:48.469  INFO 19165 --- [localhost-startStop-1] o.s.b.w.servlet.FilterRegistrationBean   : Mapping filter: 'requestContextFilter' to: [/*]
2019-06-06 04:55:50.809  INFO 19165 --- [main] org.mongodb.driver.cluster               : Cluster created with settings {hosts=[localhost:27017], mode=SINGLE, requiredClusterType=UNKNOWN, serverSelectionTimeout='30000 ms', maxWaitQueueSize=500}
2019-06-06 04:55:51.000  INFO 19165 --- [cluster-ClusterId{value='5cf880b62c5e2c4addeea469', description='null'}-localhost:27017] org.mongodb.driver.connection            : Opened connection [connectionId{localValue:1, serverValue:426}] to localhost:27017
2019-06-06 04:55:51.017  INFO 19165 --- [cluster-ClusterId{value='5cf880b62c5e2c4addeea469', description='null'}-localhost:27017] org.mongodb.driver.cluster               : Monitor thread successfully connected to server with description ServerDescription{address=localhost:27017, type=STANDALONE, state=CONNECTED, ok=true, version=ServerVersion{versionList=[4, 0, 1]}, minWireVersion=0, maxWireVersion=7, maxDocumentSize=16777216, logicalSessionTimeoutMinutes=30, roundTripTimeNanos=11970199}
2019-06-06 04:55:51.120  INFO 19165 --- [main] o.s.j.e.a.AnnotationMBeanExporter        : Registering beans for JMX exposure on startup
2019-06-06 04:55:51.216  INFO 19165 --- [main] o.s.b.w.embedded.tomcat.TomcatWebServer  : Tomcat started on port(s): 7173 (http) with context path ''
2019-06-06 04:55:51.222  INFO 19165 --- [main] o.p.literature.pubmed.Application        : Started Application in 9.212 seconds (JVM running for 10.357)
