2019-06-06 04:55:43.791  INFO 19166 --- [main] o.p.literature.search.Application        : Starting Application v1.0 on Patricias-MacBook-Pro.local with PID 19166 (/Users/pmaraver/Documents/NetbeansProjects/PaperBot_v2/Search-1.0.jar started by pmaraver in /Users/pmaraver/Documents/NetbeansProjects/PaperBot_v2)
2019-06-06 04:55:43.834 DEBUG 19166 --- [main] o.p.literature.search.Application        : Running with Spring Boot v2.0.6.RELEASE, Spring v5.0.10.RELEASE
2019-06-06 04:55:43.837  INFO 19166 --- [main] o.p.literature.search.Application        : No active profile set, falling back to default profiles: default
2019-06-06 04:55:43.940  INFO 19166 --- [main] ConfigServletWebServerApplicationContext : Refreshing org.springframework.boot.web.servlet.context.AnnotationConfigServletWebServerApplicationContext@77888435: startup date [Thu Jun 06 04:55:43 CEST 2019]; root of context hierarchy
2019-06-06 04:55:48.912  INFO 19166 --- [main] o.s.b.w.embedded.tomcat.TomcatWebServer  : Tomcat initialized with port(s): 7174 (http)
2019-06-06 04:55:49.011  INFO 19166 --- [main] o.apache.catalina.core.StandardService   : Starting service [Tomcat]
2019-06-06 04:55:49.011  INFO 19166 --- [main] org.apache.catalina.core.StandardEngine  : Starting Servlet Engine: Apache Tomcat/8.5.34
2019-06-06 04:55:49.027  INFO 19166 --- [localhost-startStop-1] o.a.catalina.core.AprLifecycleListener   : The APR based Apache Tomcat Native library which allows optimal performance in production environments was not found on the java.library.path: [/Users/pmaraver/Library/Java/Extensions:/Library/Java/Extensions:/Network/Library/Java/Extensions:/System/Library/Java/Extensions:/usr/lib/java:.]
2019-06-06 04:55:49.135  INFO 19166 --- [localhost-startStop-1] o.a.c.c.C.[Tomcat].[localhost].[/]       : Initializing Spring embedded WebApplicationContext
2019-06-06 04:55:49.241  INFO 19166 --- [localhost-startStop-1] o.s.b.w.servlet.ServletRegistrationBean  : Servlet dispatcherServlet mapped to [/]
2019-06-06 04:55:49.247  INFO 19166 --- [localhost-startStop-1] o.s.b.w.servlet.FilterRegistrationBean   : Mapping filter: 'characterEncodingFilter' to: [/*]
2019-06-06 04:55:49.251  INFO 19166 --- [localhost-startStop-1] o.s.b.w.servlet.FilterRegistrationBean   : Mapping filter: 'hiddenHttpMethodFilter' to: [/*]
2019-06-06 04:55:49.252  INFO 19166 --- [localhost-startStop-1] o.s.b.w.servlet.FilterRegistrationBean   : Mapping filter: 'httpPutFormContentFilter' to: [/*]
2019-06-06 04:55:49.252  INFO 19166 --- [localhost-startStop-1] o.s.b.w.servlet.FilterRegistrationBean   : Mapping filter: 'requestContextFilter' to: [/*]
2019-06-06 04:55:50.177  INFO 19166 --- [main] org.mongodb.driver.cluster               : Cluster created with settings {hosts=[localhost:27017], mode=MULTIPLE, requiredClusterType=UNKNOWN, serverSelectionTimeout='30000 ms', maxWaitQueueSize=500}
2019-06-06 04:55:50.178  INFO 19166 --- [main] org.mongodb.driver.cluster               : Adding discovered server localhost:27017 to client view of cluster
2019-06-06 04:55:50.379  INFO 19166 --- [cluster-ClusterId{value='5cf880b62c5e2c4ade064cb2', description='null'}-localhost:27017] org.mongodb.driver.connection            : Opened connection [connectionId{localValue:1, serverValue:425}] to localhost:27017
2019-06-06 04:55:50.384  INFO 19166 --- [cluster-ClusterId{value='5cf880b62c5e2c4ade064cb2', description='null'}-localhost:27017] org.mongodb.driver.cluster               : Monitor thread successfully connected to server with description ServerDescription{address=localhost:27017, type=STANDALONE, state=CONNECTED, ok=true, version=ServerVersion{versionList=[4, 0, 1]}, minWireVersion=0, maxWireVersion=7, maxDocumentSize=16777216, logicalSessionTimeoutMinutes=30, roundTripTimeNanos=3211515}
2019-06-06 04:55:50.386  INFO 19166 --- [cluster-ClusterId{value='5cf880b62c5e2c4ade064cb2', description='null'}-localhost:27017] org.mongodb.driver.cluster               : Discovered cluster type of STANDALONE
2019-06-06 04:55:51.127  INFO 19166 --- [main] org.mongodb.driver.connection            : Opened connection [connectionId{localValue:2, serverValue:428}] to localhost:27017
2019-06-06 04:55:52.609  INFO 19166 --- [main] o.s.j.e.a.AnnotationMBeanExporter        : Registering beans for JMX exposure on startup
2019-06-06 04:55:52.660  INFO 19166 --- [main] o.s.b.w.embedded.tomcat.TomcatWebServer  : Tomcat started on port(s): 7174 (http) with context path ''
2019-06-06 04:55:52.666  INFO 19166 --- [main] o.p.literature.search.Application        : Started Application in 10.601 seconds (JVM running for 11.801)
